Started by user [8mha:AAAAlh+LCAAAAAAAAP9b85aBtbiIQTGjNKU4P08vOT+vOD8nVc83PyU1x6OyILUoJzMv2y+/JJUBAhiZGBgqihhk0NSjKDWzXb3RdlLBUSYGJk8GtpzUvPSSDB8G5tKinBIGIZ+sxLJE/ZzEvHT94JKizLx0a6BxUmjGOUNodHsLgAzOEgYu/dLi1CL9vNKcHACFIKlWvwAAAA==[0manonymous
Building in workspace D:\EclipseK\Project\RemediationPlugin\work\jobs\TestPlugin\workspace
FSSCM.checkout D:\jpetstore-6-master to D:\EclipseK\Project\RemediationPlugin\work\jobs\TestPlugin\workspace
FSSCM.check completed in 456 milliseconds
[workspace] $ cmd.exe /C '"mvn.bat && exit %%ERRORLEVEL%%"'
[INFO] Scanning for projects...
[8mha:AAAAYx+LCAAAAAAAAP9b85aBtbiIQSWjNKU4P0+vJLE4u1gvPjexLDVPzxdEhicW5WXmpfvll6S2fNly5fzGzauYGBgqihikoFqS8/OK83NS9ZwhNEghAwQwghQWAACwxA+XYgAAAA==[0m[WARNING] 
[8mha:AAAAYx+LCAAAAAAAAP9b85aBtbiIQSWjNKU4P0+vJLE4u1gvPjexLDVPzxdEhicW5WXmpfvll6S2fNly5fzGzauYGBgqihikoFqS8/OK83NS9ZwhNEghAwQwghQWAACwxA+XYgAAAA==[0m[WARNING] Some problems were encountered while building the effective model for org.mybatis:jpetstore:war:6.0.2-SNAPSHOT
[8mha:AAAAYx+LCAAAAAAAAP9b85aBtbiIQSWjNKU4P0+vJLE4u1gvPjexLDVPzxdEhicW5WXmpfvll6S2fNly5fzGzauYGBgqihikoFqS8/OK83NS9ZwhNEghAwQwghQWAACwxA+XYgAAAA==[0m[WARNING] 'build.plugins.plugin.(groupId:artifactId)' must be unique but found duplicate declaration of plugin org.apache.tomcat.maven:tomcat7-maven-plugin @ line 147, column 9
[8mha:AAAAYx+LCAAAAAAAAP9b85aBtbiIQSWjNKU4P0+vJLE4u1gvPjexLDVPzxdEhicW5WXmpfvll6S2fNly5fzGzauYGBgqihikoFqS8/OK83NS9ZwhNEghAwQwghQWAACwxA+XYgAAAA==[0m[WARNING] 'build.plugins.plugin.version' for org.apache.maven.plugins:maven-compiler-plugin is missing. @ line 120, column 15
[8mha:AAAAYx+LCAAAAAAAAP9b85aBtbiIQSWjNKU4P0+vJLE4u1gvPjexLDVPzxdEhicW5WXmpfvll6S2fNly5fzGzauYGBgqihikoFqS8/OK83NS9ZwhNEghAwQwghQWAACwxA+XYgAAAA==[0m[WARNING] 'build.plugins.plugin.version' for org.apache.maven.plugins:maven-resources-plugin is missing. @ line 113, column 15
[8mha:AAAAYx+LCAAAAAAAAP9b85aBtbiIQSWjNKU4P0+vJLE4u1gvPjexLDVPzxdEhicW5WXmpfvll6S2fNly5fzGzauYGBgqihikoFqS8/OK83NS9ZwhNEghAwQwghQWAACwxA+XYgAAAA==[0m[WARNING] 
[8mha:AAAAYx+LCAAAAAAAAP9b85aBtbiIQSWjNKU4P0+vJLE4u1gvPjexLDVPzxdEhicW5WXmpfvll6S2fNly5fzGzauYGBgqihikoFqS8/OK83NS9ZwhNEghAwQwghQWAACwxA+XYgAAAA==[0m[WARNING] It is highly recommended to fix these problems because they threaten the stability of your build.
[8mha:AAAAYx+LCAAAAAAAAP9b85aBtbiIQSWjNKU4P0+vJLE4u1gvPjexLDVPzxdEhicW5WXmpfvll6S2fNly5fzGzauYGBgqihikoFqS8/OK83NS9ZwhNEghAwQwghQWAACwxA+XYgAAAA==[0m[WARNING] 
[8mha:AAAAYx+LCAAAAAAAAP9b85aBtbiIQSWjNKU4P0+vJLE4u1gvPjexLDVPzxdEhicW5WXmpfvll6S2fNly5fzGzauYGBgqihikoFqS8/OK83NS9ZwhNEghAwQwghQWAACwxA+XYgAAAA==[0m[WARNING] For this reason, future Maven versions might no longer support building such malformed projects.
[8mha:AAAAYx+LCAAAAAAAAP9b85aBtbiIQSWjNKU4P0+vJLE4u1gvPjexLDVPzxdEhicW5WXmpfvll6S2fNly5fzGzauYGBgqihikoFqS8/OK83NS9ZwhNEghAwQwghQWAACwxA+XYgAAAA==[0m[WARNING] 
[INFO] ------------------------------------------------------------------------
[INFO] BUILD FAILURE
[INFO] ------------------------------------------------------------------------
[INFO] Total time: 0.147s
[INFO] Finished at: Tue Oct 18 15:32:04 IST 2016
[INFO] Final Memory: 7M/123M
[INFO] ------------------------------------------------------------------------
[8mha:AAAAYB+LCAAAAAAAAP9b85aBtbiIQSmjNKU4P0+vJLE4u1gvPjexLDVPzxdEuhYV5Rf55ZekOlc7RKnPKH7IxMBQUcQgBdWQnJ9XnJ+TqucMoUEKGSCAEaSwAACsNFCqYAAAAA==[0m[ERROR] No goals have been specified for this build. You must specify a valid lifecycle phase or a goal in the format <plugin-prefix>:<goal> or <plugin-group-id>:<plugin-artifact-id>[:<plugin-version>]:<goal>. Available lifecycle phases are: validate, initialize, generate-sources, process-sources, generate-resources, process-resources, compile, process-classes, generate-test-sources, process-test-sources, generate-test-resources, process-test-resources, test-compile, process-test-classes, test, prepare-package, package, pre-integration-test, integration-test, post-integration-test, verify, install, deploy, pre-site, site, post-site, site-deploy, pre-clean, clean, post-clean. -> [Help 1]
[8mha:AAAAYB+LCAAAAAAAAP9b85aBtbiIQSmjNKU4P0+vJLE4u1gvPjexLDVPzxdEuhYV5Rf55ZekOlc7RKnPKH7IxMBQUcQgBdWQnJ9XnJ+TqucMoUEKGSCAEaSwAACsNFCqYAAAAA==[0m[ERROR] 
[8mha:AAAAYB+LCAAAAAAAAP9b85aBtbiIQSmjNKU4P0+vJLE4u1gvPjexLDVPzxdEuhYV5Rf55ZekOlc7RKnPKH7IxMBQUcQgBdWQnJ9XnJ+TqucMoUEKGSCAEaSwAACsNFCqYAAAAA==[0m[ERROR] To see the full stack trace of the errors, re-run Maven with the -e switch.
[8mha:AAAAYB+LCAAAAAAAAP9b85aBtbiIQSmjNKU4P0+vJLE4u1gvPjexLDVPzxdEuhYV5Rf55ZekOlc7RKnPKH7IxMBQUcQgBdWQnJ9XnJ+TqucMoUEKGSCAEaSwAACsNFCqYAAAAA==[0m[ERROR] Re-run Maven using the -X switch to enable full debug logging.
[8mha:AAAAYB+LCAAAAAAAAP9b85aBtbiIQSmjNKU4P0+vJLE4u1gvPjexLDVPzxdEuhYV5Rf55ZekOlc7RKnPKH7IxMBQUcQgBdWQnJ9XnJ+TqucMoUEKGSCAEaSwAACsNFCqYAAAAA==[0m[ERROR] 
[8mha:AAAAYB+LCAAAAAAAAP9b85aBtbiIQSmjNKU4P0+vJLE4u1gvPjexLDVPzxdEuhYV5Rf55ZekOlc7RKnPKH7IxMBQUcQgBdWQnJ9XnJ+TqucMoUEKGSCAEaSwAACsNFCqYAAAAA==[0m[ERROR] For more information about the errors and possible solutions, please read the following articles:
[8mha:AAAAYB+LCAAAAAAAAP9b85aBtbiIQSmjNKU4P0+vJLE4u1gvPjexLDVPzxdEuhYV5Rf55ZekOlc7RKnPKH7IxMBQUcQgBdWQnJ9XnJ+TqucMoUEKGSCAEaSwAACsNFCqYAAAAA==[0m[ERROR] [Help 1] http://cwiki.apache.org/confluence/display/MAVEN/NoGoalSpecifiedException
Build step 'Invoke top-level Maven targets' marked build as failure
{=::=::\, ALLUSERSPROFILE=C:\ProgramData, ANT_HOME=D:\apache-ant-1.9.4, APPDATA=C:\Users\514359\AppData\Roaming, BUILD_DISPLAY_NAME=#21, BUILD_ID=21, BUILD_NUMBER=21, BUILD_TAG=jenkins-TestPlugin-21, CLASSPATH=, CommonProgramFiles=C:\Program Files\Common Files, CommonProgramFiles(x86)=C:\Program Files (x86)\Common Files, CommonProgramW6432=C:\Program Files\Common Files, COMPUTERNAME=PC248889, ComSpec=C:\WINDOWS\system32\cmd.exe, DEFLOGDIR=C:\ProgramData\McAfee\DesktopProtection, EXECUTOR_NUMBER=0, FP_NO_HOST_CHECK=NO, HOMEDRIVE=C:, HOMEPATH=\Users\514359, HUDSON_HOME=D:\EclipseK\Project\RemediationPlugin\work, HUDSON_SERVER_COOKIE=45a585e4455145b1, JAVA_HOME=C:\Program Files\Java\jdk1.8.0_91, JENKINS_HOME=D:\EclipseK\Project\RemediationPlugin\work, JENKINS_SERVER_COOKIE=45a585e4455145b1, JOB_NAME=TestPlugin, LOCALAPPDATA=C:\Users\514359\AppData\Local, LOGONSERVER=\\CTSINCKCVADA, MAVEN_HOME=D:\apache-maven-3.1.1, NODE_LABELS=master, NODE_NAME=master, NUMBER_OF_PROCESSORS=4, OS=Windows_NT, Path=C:/Program Files/Java/jre1.8.0_91/bin/server;C:/Program Files/Java/jre1.8.0_91/bin;C:/Program Files/Java/jre1.8.0_91/lib/amd64;C:\ProgramData\Oracle\Java\javapath;C:\WINDOWS\system32;C:\WINDOWS;C:\WINDOWS\System32\Wbem;C:\WINDOWS\System32\WindowsPowerShell\v1.0\;C:\Program Files\Java\jdk1.8.0_91\bin;D:\apache-ant-1.9.4\bin;D:\apache-maven-3.1.1\bin;D:\sonar-runner-2.4\bin;D:\SonarQube 5.6.2\sonarqube-5.6.2\bin;C:\Program Files (x86)\MySQL\MySQL Fabric 1.5.3 & MySQL Utilities 1.5.3 1.5\;C:\Program Files (x86)\MySQL\MySQL Fabric 1.5.3 & MySQL Utilities 1.5.3 1.5\Doctrine extensions for PHP\;D:\MongoDB 2.6 Standard\bin;;D:\EclipseK\eclipse;, PATHEXT=.COM;.EXE;.BAT;.CMD;.VBS;.VBE;.JS;.JSE;.WSF;.WSH;.MSC, PROCESSOR_ARCHITECTURE=AMD64, PROCESSOR_IDENTIFIER=Intel64 Family 6 Model 42 Stepping 7, GenuineIntel, PROCESSOR_LEVEL=6, PROCESSOR_REVISION=2a07, ProgramData=C:\ProgramData, ProgramFiles=C:\Program Files, ProgramFiles(x86)=C:\Program Files (x86), ProgramW6432=C:\Program Files, PSModulePath=C:\WINDOWS\system32\WindowsPowerShell\v1.0\Modules\, PUBLIC=C:\Users\Public, SESSIONNAME=Console, SONAR_HOME=D:\SonarQube 5.6.2\sonarqube-5.6.2, SONAR_RUNNER=D:\sonar-runner-2.4, SystemDrive=C:, SystemRoot=C:\WINDOWS, TEMP=C:\Users\514359\AppData\Local\Temp, TMP=C:\Users\514359\AppData\Local\Temp, UATDATA=C:\WINDOWS\CCM\UATData\D9F8C395-CAB8-491d-B8AC-179A1FE1BE77, USERDNSDOMAIN=CTS.COM, USERDOMAIN=CTS, USERDOMAIN_ROAMINGPROFILE=CTS, USERNAME=514359, USERPROFILE=C:\Users\514359, VSEDEFLOGDIR=C:\ProgramData\McAfee\DesktopProtection, windir=C:\WINDOWS, windows_tracing_flags=3, windows_tracing_logfile=C:\BVTBin\Tests\installpackage\csilogfile.log, WORKSPACE=D:\EclipseK\Project\RemediationPlugin\work\jobs\TestPlugin\workspace}
21
Started by user [8mha:AAAAlh+LCAAAAAAAAP9b85aBtbiIQTGjNKU4P08vOT+vOD8nVc83PyU1x6OyILUoJzMv2y+/JJUBAhiZGBgqihhk0NSjKDWzXb3RdlLBUSYGJk8GtpzUvPSSDB8G5tKinBIGIZ+sxLJE/ZzEvHT94JKizLx0a6BxUmjGOUNodHsLgAzOEgYu/dLi1CL9vNKcHACFIKlWvwAAAA==[0manonymousBuilding in workspace D:\EclipseK\Project\RemediationPlugin\work\jobs\TestPlugin\workspaceFSSCM.checkout D:\jpetstore-6-master to D:\EclipseK\Project\RemediationPlugin\work\jobs\TestPlugin\workspaceFSSCM.check completed in 456 milliseconds[workspace] $ cmd.exe /C '"mvn.bat && exit %%ERRORLEVEL%%"'[INFO] Scanning for projects...[8mha:AAAAYx+LCAAAAAAAAP9b85aBtbiIQSWjNKU4P0+vJLE4u1gvPjexLDVPzxdEhicW5WXmpfvll6S2fNly5fzGzauYGBgqihikoFqS8/OK83NS9ZwhNEghAwQwghQWAACwxA+XYgAAAA==[0m[WARNING] [8mha:AAAAYx+LCAAAAAAAAP9b85aBtbiIQSWjNKU4P0+vJLE4u1gvPjexLDVPzxdEhicW5WXmpfvll6S2fNly5fzGzauYGBgqihikoFqS8/OK83NS9ZwhNEghAwQwghQWAACwxA+XYgAAAA==[0m[WARNING] Some problems were encountered while building the effective model for org.mybatis:jpetstore:war:6.0.2-SNAPSHOT[8mha:AAAAYx+LCAAAAAAAAP9b85aBtbiIQSWjNKU4P0+vJLE4u1gvPjexLDVPzxdEhicW5WXmpfvll6S2fNly5fzGzauYGBgqihikoFqS8/OK83NS9ZwhNEghAwQwghQWAACwxA+XYgAAAA==[0m[WARNING] 'build.plugins.plugin.(groupId:artifactId)' must be unique but found duplicate declaration of plugin org.apache.tomcat.maven:tomcat7-maven-plugin @ line 147, column 9[8mha:AAAAYx+LCAAAAAAAAP9b85aBtbiIQSWjNKU4P0+vJLE4u1gvPjexLDVPzxdEhicW5WXmpfvll6S2fNly5fzGzauYGBgqihikoFqS8/OK83NS9ZwhNEghAwQwghQWAACwxA+XYgAAAA==[0m[WARNING] 'build.plugins.plugin.version' for org.apache.maven.plugins:maven-compiler-plugin is missing. @ line 120, column 15[8mha:AAAAYx+LCAAAAAAAAP9b85aBtbiIQSWjNKU4P0+vJLE4u1gvPjexLDVPzxdEhicW5WXmpfvll6S2fNly5fzGzauYGBgqihikoFqS8/OK83NS9ZwhNEghAwQwghQWAACwxA+XYgAAAA==[0m[WARNING] 'build.plugins.plugin.version' for org.apache.maven.plugins:maven-resources-plugin is missing. @ line 113, column 15[8mha:AAAAYx+LCAAAAAAAAP9b85aBtbiIQSWjNKU4P0+vJLE4u1gvPjexLDVPzxdEhicW5WXmpfvll6S2fNly5fzGzauYGBgqihikoFqS8/OK83NS9ZwhNEghAwQwghQWAACwxA+XYgAAAA==[0m[WARNING] [8mha:AAAAYx+LCAAAAAAAAP9b85aBtbiIQSWjNKU4P0+vJLE4u1gvPjexLDVPzxdEhicW5WXmpfvll6S2fNly5fzGzauYGBgqihikoFqS8/OK83NS9ZwhNEghAwQwghQWAACwxA+XYgAAAA==[0m[WARNING] It is highly recommended to fix these problems because they threaten the stability of your build.[8mha:AAAAYx+LCAAAAAAAAP9b85aBtbiIQSWjNKU4P0+vJLE4u1gvPjexLDVPzxdEhicW5WXmpfvll6S2fNly5fzGzauYGBgqihikoFqS8/OK83NS9ZwhNEghAwQwghQWAACwxA+XYgAAAA==[0m[WARNING] [8mha:AAAAYx+LCAAAAAAAAP9b85aBtbiIQSWjNKU4P0+vJLE4u1gvPjexLDVPzxdEhicW5WXmpfvll6S2fNly5fzGzauYGBgqihikoFqS8/OK83NS9ZwhNEghAwQwghQWAACwxA+XYgAAAA==[0m[WARNING] For this reason, future Maven versions might no longer support building such malformed projects.[8mha:AAAAYx+LCAAAAAAAAP9b85aBtbiIQSWjNKU4P0+vJLE4u1gvPjexLDVPzxdEhicW5WXmpfvll6S2fNly5fzGzauYGBgqihikoFqS8/OK83NS9ZwhNEghAwQwghQWAACwxA+XYgAAAA==[0m[WARNING] [INFO] ------------------------------------------------------------------------[INFO] BUILD FAILURE[INFO] ------------------------------------------------------------------------[INFO] Total time: 0.147s[INFO] Finished at: Tue Oct 18 15:32:04 IST 2016[INFO] Final Memory: 7M/123M[INFO] ------------------------------------------------------------------------[8mha:AAAAYB+LCAAAAAAAAP9b85aBtbiIQSmjNKU4P0+vJLE4u1gvPjexLDVPzxdEuhYV5Rf55ZekOlc7RKnPKH7IxMBQUcQgBdWQnJ9XnJ+TqucMoUEKGSCAEaSwAACsNFCqYAAAAA==[0m[ERROR] No goals have been specified for this build. You must specify a valid lifecycle phase or a goal in the format <plugin-prefix>:<goal> or <plugin-group-id>:<plugin-artifact-id>[:<plugin-version>]:<goal>. Available lifecycle phases are: validate, initialize, generate-sources, process-sources, generate-resources, process-resources, compile, process-classes, generate-test-sources, process-test-sources, generate-test-resources, process-test-resources, test-compile, process-test-classes, test, prepare-package, package, pre-integration-test, integration-test, post-integration-test, verify, install, deploy, pre-site, site, post-site, site-deploy, pre-clean, clean, post-clean. -> [Help 1][8mha:AAAAYB+LCAAAAAAAAP9b85aBtbiIQSmjNKU4P0+vJLE4u1gvPjexLDVPzxdEuhYV5Rf55ZekOlc7RKnPKH7IxMBQUcQgBdWQnJ9XnJ+TqucMoUEKGSCAEaSwAACsNFCqYAAAAA==[0m[ERROR] [8mha:AAAAYB+LCAAAAAAAAP9b85aBtbiIQSmjNKU4P0+vJLE4u1gvPjexLDVPzxdEuhYV5Rf55ZekOlc7RKnPKH7IxMBQUcQgBdWQnJ9XnJ+TqucMoUEKGSCAEaSwAACsNFCqYAAAAA==[0m[ERROR] To see the full stack trace of the errors, re-run Maven with the -e switch.[8mha:AAAAYB+LCAAAAAAAAP9b85aBtbiIQSmjNKU4P0+vJLE4u1gvPjexLDVPzxdEuhYV5Rf55ZekOlc7RKnPKH7IxMBQUcQgBdWQnJ9XnJ+TqucMoUEKGSCAEaSwAACsNFCqYAAAAA==[0m[ERROR] Re-run Maven using the -X switch to enable full debug logging.[8mha:AAAAYB+LCAAAAAAAAP9b85aBtbiIQSmjNKU4P0+vJLE4u1gvPjexLDVPzxdEuhYV5Rf55ZekOlc7RKnPKH7IxMBQUcQgBdWQnJ9XnJ+TqucMoUEKGSCAEaSwAACsNFCqYAAAAA==[0m[ERROR] [8mha:AAAAYB+LCAAAAAAAAP9b85aBtbiIQSmjNKU4P0+vJLE4u1gvPjexLDVPzxdEuhYV5Rf55ZekOlc7RKnPKH7IxMBQUcQgBdWQnJ9XnJ+TqucMoUEKGSCAEaSwAACsNFCqYAAAAA==[0m[ERROR] For more information about the errors and possible solutions, please read the following articles:[8mha:AAAAYB+LCAAAAAAAAP9b85aBtbiIQSmjNKU4P0+vJLE4u1gvPjexLDVPzxdEuhYV5Rf55ZekOlc7RKnPKH7IxMBQUcQgBdWQnJ9XnJ+TqucMoUEKGSCAEaSwAACsNFCqYAAAAA==[0m[ERROR] [Help 1] http://cwiki.apache.org/confluence/display/MAVEN/NoGoalSpecifiedExceptionBuild step 'Invoke top-level Maven targets' marked build as failure{=::=::\, ALLUSERSPROFILE=C:\ProgramData, ANT_HOME=D:\apache-ant-1.9.4, APPDATA=C:\Users\514359\AppData\Roaming, BUILD_DISPLAY_NAME=#21, BUILD_ID=21, BUILD_NUMBER=21, BUILD_TAG=jenkins-TestPlugin-21, CLASSPATH=, CommonProgramFiles=C:\Program Files\Common Files, CommonProgramFiles(x86)=C:\Program Files (x86)\Common Files, CommonProgramW6432=C:\Program Files\Common Files, COMPUTERNAME=PC248889, ComSpec=C:\WINDOWS\system32\cmd.exe, DEFLOGDIR=C:\ProgramData\McAfee\DesktopProtection, EXECUTOR_NUMBER=0, FP_NO_HOST_CHECK=NO, HOMEDRIVE=C:, HOMEPATH=\Users\514359, HUDSON_HOME=D:\EclipseK\Project\RemediationPlugin\work, HUDSON_SERVER_COOKIE=45a585e4455145b1, JAVA_HOME=C:\Program Files\Java\jdk1.8.0_91, JENKINS_HOME=D:\EclipseK\Project\RemediationPlugin\work, JENKINS_SERVER_COOKIE=45a585e4455145b1, JOB_NAME=TestPlugin, LOCALAPPDATA=C:\Users\514359\AppData\Local, LOGONSERVER=\\CTSINCKCVADA, MAVEN_HOME=D:\apache-maven-3.1.1, NODE_LABELS=master, NODE_NAME=master, NUMBER_OF_PROCESSORS=4, OS=Windows_NT, Path=C:/Program Files/Java/jre1.8.0_91/bin/server;C:/Program Files/Java/jre1.8.0_91/bin;C:/Program Files/Java/jre1.8.0_91/lib/amd64;C:\ProgramData\Oracle\Java\javapath;C:\WINDOWS\system32;C:\WINDOWS;C:\WINDOWS\System32\Wbem;C:\WINDOWS\System32\WindowsPowerShell\v1.0\;C:\Program Files\Java\jdk1.8.0_91\bin;D:\apache-ant-1.9.4\bin;D:\apache-maven-3.1.1\bin;D:\sonar-runner-2.4\bin;D:\SonarQube 5.6.2\sonarqube-5.6.2\bin;C:\Program Files (x86)\MySQL\MySQL Fabric 1.5.3 & MySQL Utilities 1.5.3 1.5\;C:\Program Files (x86)\MySQL\MySQL Fabric 1.5.3 & MySQL Utilities 1.5.3 1.5\Doctrine extensions for PHP\;D:\MongoDB 2.6 Standard\bin;;D:\EclipseK\eclipse;, PATHEXT=.COM;.EXE;.BAT;.CMD;.VBS;.VBE;.JS;.JSE;.WSF;.WSH;.MSC, PROCESSOR_ARCHITECTURE=AMD64, PROCESSOR_IDENTIFIER=Intel64 Family 6 Model 42 Stepping 7, GenuineIntel, PROCESSOR_LEVEL=6, PROCESSOR_REVISION=2a07, ProgramData=C:\ProgramData, ProgramFiles=C:\Program Files, ProgramFiles(x86)=C:\Program Files (x86), ProgramW6432=C:\Program Files, PSModulePath=C:\WINDOWS\system32\WindowsPowerShell\v1.0\Modules\, PUBLIC=C:\Users\Public, SESSIONNAME=Console, SONAR_HOME=D:\SonarQube 5.6.2\sonarqube-5.6.2, SONAR_RUNNER=D:\sonar-runner-2.4, SystemDrive=C:, SystemRoot=C:\WINDOWS, TEMP=C:\Users\514359\AppData\Local\Temp, TMP=C:\Users\514359\AppData\Local\Temp, UATDATA=C:\WINDOWS\CCM\UATData\D9F8C395-CAB8-491d-B8AC-179A1FE1BE77, USERDNSDOMAIN=CTS.COM, USERDOMAIN=CTS, USERDOMAIN_ROAMINGPROFILE=CTS, USERNAME=514359, USERPROFILE=C:\Users\514359, VSEDEFLOGDIR=C:\ProgramData\McAfee\DesktopProtection, windir=C:\WINDOWS, windows_tracing_flags=3, windows_tracing_logfile=C:\BVTBin\Tests\installpackage\csilogfile.log, WORKSPACE=D:\EclipseK\Project\RemediationPlugin\work\jobs\TestPlugin\workspace}21
D:\EclipseK\Project\RemediationPlugin\work
file Path:D:\EclipseK\Project\RemediationPlugin\properties\issues.xml
Found issues.xml
3
1
1
1
Error Message:'mvn.bat' is not recognized as an internal or external command,operable program or batch file
1
1
1
Error Message:FATAL: Couldn’t find any executable in
1
1
1
Error Message:No goals have been specified for this build. You must specify a valid lifecycle phase or a goal in the format
3
Cause Description:CM03
3
Fix Description:Please give the goal for maven target
Inside add action
Added Action
Finished: FAILURE
