<?xml version="1.1" encoding="UTF-8" ?>
<testsuite errors="1" failures="0" hostname="PC248889" name="FactTest1" skipped="0" tests="1" time="0.0" timestamp="2016-06-07T09:31:43">
  <properties>
[...]
</properties>
  <error message="FactTest1" type="java.lang.ClassNotFoundException">java.lang.ClassNotFoundException: FactTest1
	at java.net.URLClassLoader.findClass(Unknown Source)
	at java.lang.ClassLoader.loadClass(Unknown Source)
	at sun.misc.Launcher$AppClassLoader.loadClass(Unknown Source)
	at java.lang.ClassLoader.loadClass(Unknown Source)
	at java.lang.Class.forName0(Native Method)
	at java.lang.Class.forName(Unknown Source)
</error>
  <system-out><![CDATA[]]></system-out>
  <system-err><![CDATA[]]></system-err>
</testsuite>
